[debug] [2018-05-11T17:25:14.805Z] ----------------------------------------------------------------------
[debug] [2018-05-11T17:25:14.809Z] Command:       C:\Program Files\nodejs\node.exe C:\Program Files\nodejs\node_modules\firebase-tools\bin\firebase deploy
[debug] [2018-05-11T17:25:14.810Z] CLI Version:   3.18.4
[debug] [2018-05-11T17:25:14.810Z] Platform:      win32
[debug] [2018-05-11T17:25:14.810Z] Node Version:  v7.10.0
[debug] [2018-05-11T17:25:14.810Z] Time:          Fri May 11 2018 19:25:14 GMT+0200 (Central Europe Daylight Time)
[debug] [2018-05-11T17:25:14.810Z] ----------------------------------------------------------------------
[debug] 
[warn] !  JSON error trying to load C:\Users\Lenovo\Desktop\Isti\Programozás-\Kurzusok\Udemy\PWA\Session_9_Background Sync\background-sync-04-custom-firebase-finished\background-sync-04--custom-firebase-finished\.firebaserc
[debug] [2018-05-11T17:25:14.835Z] > command requires scopes: ["email","openid","https://www.googleapis.com/auth/cloudplatformprojects.readonly","https://www.googleapis.com/auth/firebase","https://www.googleapis.com/auth/cloud-platform"]
[debug] [2018-05-11T17:25:14.835Z] > authorizing via signed-in user
[debug] [2018-05-11T17:25:14.838Z] >>> HTTP REQUEST GET https://admin.firebase.com/v1/projects/udemypwa  
  
 Fri May 11 2018 19:25:14 GMT+0200 (Central Europe Daylight Time)
[debug] [2018-05-11T17:25:15.559Z] <<< HTTP RESPONSE 200
[debug] [2018-05-11T17:25:15.560Z] >>> HTTP REQUEST GET https://admin.firebase.com/v1/database/udemypwa/tokens  
  
 Fri May 11 2018 19:25:15 GMT+0200 (Central Europe Daylight Time)
[debug] [2018-05-11T17:25:16.176Z] <<< HTTP RESPONSE 200
[warn] !  functions: package.json indicates an outdated version of firebase-functions.
 Please upgrade using npm install --save firebase-functions@latest in your functions directory.
[warn] !  functions: Please note that there will be breaking changes when you upgrade.
 Go to https://firebase.google.com/docs/functions/beta-v1-diff to learn more.
[info] 
[info] === Deploying to 'udemypwa'...
[info] 
[info] i  deploying functions, hosting
[debug] [2018-05-11T17:25:18.574Z] > [functions] package.json contents: {
  "name": "functions",
  "description": "Cloud Functions for Firebase",
  "dependencies": {
    "cors": "^2.8.4",
    "firebase-admin": "^4.2.1",
    "firebase-functions": "^0.5.7"
  },
  "private": true
}
[info] i  functions: ensuring necessary APIs are enabled...
[debug] [2018-05-11T17:25:18.576Z] >>> HTTP REQUEST GET https://servicemanagement.googleapis.com/v1/services/cloudfunctions.googleapis.com/projectSettings/udemypwa?view=CONSUMER_VIEW  
  
 Fri May 11 2018 19:25:18 GMT+0200 (Central Europe Daylight Time)
[debug] [2018-05-11T17:25:18.577Z] >>> HTTP REQUEST GET https://servicemanagement.googleapis.com/v1/services/runtimeconfig.googleapis.com/projectSettings/udemypwa?view=CONSUMER_VIEW  
  
 Fri May 11 2018 19:25:18 GMT+0200 (Central Europe Daylight Time)
[debug] [2018-05-11T17:25:19.874Z] <<< HTTP RESPONSE 200
[debug] [2018-05-11T17:25:19.932Z] <<< HTTP RESPONSE 200
[info] +  functions: all necessary APIs are enabled
[debug] [2018-05-11T17:25:19.936Z] >>> HTTP REQUEST GET https://cloudresourcemanager.googleapis.com/v1/projects/udemypwa  
  
 Fri May 11 2018 19:25:19 GMT+0200 (Central Europe Daylight Time)
[debug] [2018-05-11T17:25:20.854Z] <<< HTTP RESPONSE 200
[debug] [2018-05-11T17:25:20.854Z] >>> HTTP REQUEST GET https://mobilesdk-pa.googleapis.com/v1/projects/465834356397:getServerAppConfig  
  
 Fri May 11 2018 19:25:20 GMT+0200 (Central Europe Daylight Time)
[debug] [2018-05-11T17:25:21.380Z] <<< HTTP RESPONSE 200
[info] i  functions: preparing functions directory for uploading...
[info] i  functions: packaged functions (9.52 KB) for uploading
[debug] [2018-05-11T17:25:21.886Z] >>> HTTP REQUEST POST https://cloudfunctions.googleapis.com/v1/projects/udemypwa/locations/us-central1/functions:generateUploadUrl  
  
 Fri May 11 2018 19:25:21 GMT+0200 (Central Europe Daylight Time)
[debug] [2018-05-11T17:25:52.007Z] <<< HTTP RESPONSE 503
[debug] [2018-05-11T17:25:52.008Z] <<< HTTP RESPONSE BODY {
  "error": {
    "code": 503,
    "message": "The service is currently unavailable.",
    "status": "UNAVAILABLE"
  }
}

[debug] [2018-05-11T17:25:52.009Z] TypeError: Cannot create property 'error' on string '{
  "error": {
    "code": 503,
    "message": "The service is currently unavailable.",
    "status": "UNAVAILABLE"
  }
}
'
    at module.exports (C:\Users\Lenovo\AppData\Roaming\nvm\v7.10.0\node_modules\firebase-tools\lib\responseToError.js:11:16)
    at Request._callback (C:\Users\Lenovo\AppData\Roaming\nvm\v7.10.0\node_modules\firebase-tools\lib\api.js:47:25)
    at Request.self.callback (C:\Users\Lenovo\AppData\Roaming\nvm\v7.10.0\node_modules\firebase-tools\node_modules\request\request.js:186:22)
    at emitTwo (events.js:106:13)
    at Request.emit (events.js:194:7)
    at Request.<anonymous> (C:\Users\Lenovo\AppData\Roaming\nvm\v7.10.0\node_modules\firebase-tools\node_modules\request\request.js:1163:10)
    at emitOne (events.js:96:13)
    at Request.emit (events.js:191:7)
    at IncomingMessage.<anonymous> (C:\Users\Lenovo\AppData\Roaming\nvm\v7.10.0\node_modules\firebase-tools\node_modules\request\request.js:1085:12)
    at Object.onceWrapper (events.js:293:19)
[error] 
[error] Error: An unexpected error has occurred.
